C:\USERS\RYAN\DOCUMENTS\GITHUB\MUDFLAKE\CS499GUI\CS499GUI\DEBUG\.NETFRAMEWORK,VERSION=V4.0.ASSEMBLYATTRIBUTES.OBJ
C:\USERS\RYAN\DOCUMENTS\GITHUB\MUDFLAKE\CS499GUI\CS499GUI\DEBUG\APP.RES
C:\USERS\RYAN\DOCUMENTS\GITHUB\MUDFLAKE\CS499GUI\CS499GUI\DEBUG\ASSEMBLYINFO.OBJ
C:\USERS\RYAN\DOCUMENTS\GITHUB\MUDFLAKE\CS499GUI\CS499GUI\DEBUG\BUILDOBJ.OBJ
C:\Users\Ryan\Documents\GitHub\mudflake\CS499GUI\CS499GUI\Debug\cl.command.1.tlog
C:\Users\Ryan\Documents\GitHub\mudflake\CS499GUI\CS499GUI\Debug\CL.read.1.tlog
C:\Users\Ryan\Documents\GitHub\mudflake\CS499GUI\CS499GUI\Debug\CL.write.1.tlog
C:\USERS\RYAN\DOCUMENTS\GITHUB\MUDFLAKE\CS499GUI\CS499GUI\DEBUG\COURSE.OBJ
C:\USERS\RYAN\DOCUMENTS\GITHUB\MUDFLAKE\CS499GUI\CS499GUI\DEBUG\CS499GUI.EXE.INTERMEDIATE.MANIFEST
C:\Users\Ryan\Documents\GitHub\mudflake\CS499GUI\CS499GUI\Debug\CS499GUI.Form1.resources
C:\USERS\RYAN\DOCUMENTS\GITHUB\MUDFLAKE\CS499GUI\CS499GUI\DEBUG\CS499GUI.OBJ
C:\Users\Ryan\Documents\GitHub\mudflake\CS499GUI\CS499GUI\Debug\CS499GUI.vcxproj.GenerateResource.Cache
C:\Users\Ryan\Documents\GitHub\mudflake\CS499GUI\CS499GUI\Debug\CS499GUI.vcxprojResolveAssemblyReference.cache
C:\Users\Ryan\Documents\GitHub\mudflake\CS499GUI\CS499GUI\Debug\CS499GUI.write.1.tlog
C:\Users\Ryan\Documents\GitHub\mudflake\CS499GUI\CS499GUI\Debug\link.10472.read.1.tlog
C:\Users\Ryan\Documents\GitHub\mudflake\CS499GUI\CS499GUI\Debug\link.10472.write.1.tlog
C:\Users\Ryan\Documents\GitHub\mudflake\CS499GUI\CS499GUI\Debug\link.10472-cvtres.read.1.tlog
C:\Users\Ryan\Documents\GitHub\mudflake\CS499GUI\CS499GUI\Debug\link.10472-cvtres.write.1.tlog
C:\Users\Ryan\Documents\GitHub\mudflake\CS499GUI\CS499GUI\Debug\link.11556.read.1.tlog
C:\Users\Ryan\Documents\GitHub\mudflake\CS499GUI\CS499GUI\Debug\link.11556.write.1.tlog
C:\Users\Ryan\Documents\GitHub\mudflake\CS499GUI\CS499GUI\Debug\link.11556-cvtres.read.1.tlog
C:\Users\Ryan\Documents\GitHub\mudflake\CS499GUI\CS499GUI\Debug\link.11556-cvtres.write.1.tlog
C:\Users\Ryan\Documents\GitHub\mudflake\CS499GUI\CS499GUI\Debug\link.12140.read.1.tlog
C:\Users\Ryan\Documents\GitHub\mudflake\CS499GUI\CS499GUI\Debug\link.12140.write.1.tlog
C:\Users\Ryan\Documents\GitHub\mudflake\CS499GUI\CS499GUI\Debug\link.12140-cvtres.read.1.tlog
C:\Users\Ryan\Documents\GitHub\mudflake\CS499GUI\CS499GUI\Debug\link.12140-cvtres.write.1.tlog
C:\Users\Ryan\Documents\GitHub\mudflake\CS499GUI\CS499GUI\Debug\link.12240.read.1.tlog
C:\Users\Ryan\Documents\GitHub\mudflake\CS499GUI\CS499GUI\Debug\link.12240.write.1.tlog
C:\Users\Ryan\Documents\GitHub\mudflake\CS499GUI\CS499GUI\Debug\link.12240-cvtres.read.1.tlog
C:\Users\Ryan\Documents\GitHub\mudflake\CS499GUI\CS499GUI\Debug\link.12240-cvtres.write.1.tlog
C:\Users\Ryan\Documents\GitHub\mudflake\CS499GUI\CS499GUI\Debug\link.17732.read.1.tlog
C:\Users\Ryan\Documents\GitHub\mudflake\CS499GUI\CS499GUI\Debug\link.17732.write.1.tlog
C:\Users\Ryan\Documents\GitHub\mudflake\CS499GUI\CS499GUI\Debug\link.17732-cvtres.read.1.tlog
C:\Users\Ryan\Documents\GitHub\mudflake\CS499GUI\CS499GUI\Debug\link.17732-cvtres.write.1.tlog
C:\Users\Ryan\Documents\GitHub\mudflake\CS499GUI\CS499GUI\Debug\link.21788.read.1.tlog
C:\Users\Ryan\Documents\GitHub\mudflake\CS499GUI\CS499GUI\Debug\link.21788.write.1.tlog
C:\Users\Ryan\Documents\GitHub\mudflake\CS499GUI\CS499GUI\Debug\link.21788-cvtres.read.1.tlog
C:\Users\Ryan\Documents\GitHub\mudflake\CS499GUI\CS499GUI\Debug\link.21788-cvtres.write.1.tlog
C:\Users\Ryan\Documents\GitHub\mudflake\CS499GUI\CS499GUI\Debug\link.2732.read.1.tlog
C:\Users\Ryan\Documents\GitHub\mudflake\CS499GUI\CS499GUI\Debug\link.2732.write.1.tlog
C:\Users\Ryan\Documents\GitHub\mudflake\CS499GUI\CS499GUI\Debug\link.2732-cvtres.read.1.tlog
C:\Users\Ryan\Documents\GitHub\mudflake\CS499GUI\CS499GUI\Debug\link.2732-cvtres.write.1.tlog
C:\Users\Ryan\Documents\GitHub\mudflake\CS499GUI\CS499GUI\Debug\link.27692.read.1.tlog
C:\Users\Ryan\Documents\GitHub\mudflake\CS499GUI\CS499GUI\Debug\link.27692.write.1.tlog
C:\Users\Ryan\Documents\GitHub\mudflake\CS499GUI\CS499GUI\Debug\link.27692-cvtres.read.1.tlog
C:\Users\Ryan\Documents\GitHub\mudflake\CS499GUI\CS499GUI\Debug\link.27692-cvtres.write.1.tlog
C:\Users\Ryan\Documents\GitHub\mudflake\CS499GUI\CS499GUI\Debug\link.29008.read.1.tlog
C:\Users\Ryan\Documents\GitHub\mudflake\CS499GUI\CS499GUI\Debug\link.29008.write.1.tlog
C:\Users\Ryan\Documents\GitHub\mudflake\CS499GUI\CS499GUI\Debug\link.29008-cvtres.read.1.tlog
C:\Users\Ryan\Documents\GitHub\mudflake\CS499GUI\CS499GUI\Debug\link.29008-cvtres.write.1.tlog
C:\Users\Ryan\Documents\GitHub\mudflake\CS499GUI\CS499GUI\Debug\link.29408.read.1.tlog
C:\Users\Ryan\Documents\GitHub\mudflake\CS499GUI\CS499GUI\Debug\link.29408.write.1.tlog
C:\Users\Ryan\Documents\GitHub\mudflake\CS499GUI\CS499GUI\Debug\link.29408-cvtres.read.1.tlog
C:\Users\Ryan\Documents\GitHub\mudflake\CS499GUI\CS499GUI\Debug\link.29408-cvtres.write.1.tlog
C:\Users\Ryan\Documents\GitHub\mudflake\CS499GUI\CS499GUI\Debug\link.29444.read.1.tlog
C:\Users\Ryan\Documents\GitHub\mudflake\CS499GUI\CS499GUI\Debug\link.29444.write.1.tlog
C:\Users\Ryan\Documents\GitHub\mudflake\CS499GUI\CS499GUI\Debug\link.29444-cvtres.read.1.tlog
C:\Users\Ryan\Documents\GitHub\mudflake\CS499GUI\CS499GUI\Debug\link.29444-cvtres.write.1.tlog
C:\Users\Ryan\Documents\GitHub\mudflake\CS499GUI\CS499GUI\Debug\link.30012.read.1.tlog
C:\Users\Ryan\Documents\GitHub\mudflake\CS499GUI\CS499GUI\Debug\link.30012.write.1.tlog
C:\Users\Ryan\Documents\GitHub\mudflake\CS499GUI\CS499GUI\Debug\link.30012-cvtres.read.1.tlog
C:\Users\Ryan\Documents\GitHub\mudflake\CS499GUI\CS499GUI\Debug\link.30012-cvtres.write.1.tlog
C:\Users\Ryan\Documents\GitHub\mudflake\CS499GUI\CS499GUI\Debug\link.30436.read.1.tlog
C:\Users\Ryan\Documents\GitHub\mudflake\CS499GUI\CS499GUI\Debug\link.30436.write.1.tlog
C:\Users\Ryan\Documents\GitHub\mudflake\CS499GUI\CS499GUI\Debug\link.30436-cvtres.read.1.tlog
C:\Users\Ryan\Documents\GitHub\mudflake\CS499GUI\CS499GUI\Debug\link.30436-cvtres.write.1.tlog
C:\Users\Ryan\Documents\GitHub\mudflake\CS499GUI\CS499GUI\Debug\link.30464.read.1.tlog
C:\Users\Ryan\Documents\GitHub\mudflake\CS499GUI\CS499GUI\Debug\link.30464.write.1.tlog
C:\Users\Ryan\Documents\GitHub\mudflake\CS499GUI\CS499GUI\Debug\link.30464-cvtres.read.1.tlog
C:\Users\Ryan\Documents\GitHub\mudflake\CS499GUI\CS499GUI\Debug\link.30464-cvtres.write.1.tlog
C:\Users\Ryan\Documents\GitHub\mudflake\CS499GUI\CS499GUI\Debug\link.30556.read.1.tlog
C:\Users\Ryan\Documents\GitHub\mudflake\CS499GUI\CS499GUI\Debug\link.30556.write.1.tlog
C:\Users\Ryan\Documents\GitHub\mudflake\CS499GUI\CS499GUI\Debug\link.30556-cvtres.read.1.tlog
C:\Users\Ryan\Documents\GitHub\mudflake\CS499GUI\CS499GUI\Debug\link.30556-cvtres.write.1.tlog
C:\Users\Ryan\Documents\GitHub\mudflake\CS499GUI\CS499GUI\Debug\link.30656.read.1.tlog
C:\Users\Ryan\Documents\GitHub\mudflake\CS499GUI\CS499GUI\Debug\link.30656.write.1.tlog
C:\Users\Ryan\Documents\GitHub\mudflake\CS499GUI\CS499GUI\Debug\link.30656-cvtres.read.1.tlog
C:\Users\Ryan\Documents\GitHub\mudflake\CS499GUI\CS499GUI\Debug\link.30656-cvtres.write.1.tlog
C:\Users\Ryan\Documents\GitHub\mudflake\CS499GUI\CS499GUI\Debug\link.30684.read.1.tlog
C:\Users\Ryan\Documents\GitHub\mudflake\CS499GUI\CS499GUI\Debug\link.30684.write.1.tlog
C:\Users\Ryan\Documents\GitHub\mudflake\CS499GUI\CS499GUI\Debug\link.30684-cvtres.read.1.tlog
C:\Users\Ryan\Documents\GitHub\mudflake\CS499GUI\CS499GUI\Debug\link.30684-cvtres.write.1.tlog
C:\Users\Ryan\Documents\GitHub\mudflake\CS499GUI\CS499GUI\Debug\link.30884.read.1.tlog
C:\Users\Ryan\Documents\GitHub\mudflake\CS499GUI\CS499GUI\Debug\link.30884.write.1.tlog
C:\Users\Ryan\Documents\GitHub\mudflake\CS499GUI\CS499GUI\Debug\link.30884-cvtres.read.1.tlog
C:\Users\Ryan\Documents\GitHub\mudflake\CS499GUI\CS499GUI\Debug\link.30884-cvtres.write.1.tlog
C:\Users\Ryan\Documents\GitHub\mudflake\CS499GUI\CS499GUI\Debug\link.30940.read.1.tlog
C:\Users\Ryan\Documents\GitHub\mudflake\CS499GUI\CS499GUI\Debug\link.30940.write.1.tlog
C:\Users\Ryan\Documents\GitHub\mudflake\CS499GUI\CS499GUI\Debug\link.30940-cvtres.read.1.tlog
C:\Users\Ryan\Documents\GitHub\mudflake\CS499GUI\CS499GUI\Debug\link.30940-cvtres.write.1.tlog
C:\Users\Ryan\Documents\GitHub\mudflake\CS499GUI\CS499GUI\Debug\link.31124.read.1.tlog
C:\Users\Ryan\Documents\GitHub\mudflake\CS499GUI\CS499GUI\Debug\link.31124.write.1.tlog
C:\Users\Ryan\Documents\GitHub\mudflake\CS499GUI\CS499GUI\Debug\link.31124-cvtres.read.1.tlog
C:\Users\Ryan\Documents\GitHub\mudflake\CS499GUI\CS499GUI\Debug\link.31124-cvtres.write.1.tlog
C:\Users\Ryan\Documents\GitHub\mudflake\CS499GUI\CS499GUI\Debug\link.31312.read.1.tlog
C:\Users\Ryan\Documents\GitHub\mudflake\CS499GUI\CS499GUI\Debug\link.31312.write.1.tlog
C:\Users\Ryan\Documents\GitHub\mudflake\CS499GUI\CS499GUI\Debug\link.31312-cvtres.read.1.tlog
C:\Users\Ryan\Documents\GitHub\mudflake\CS499GUI\CS499GUI\Debug\link.31312-cvtres.write.1.tlog
C:\Users\Ryan\Documents\GitHub\mudflake\CS499GUI\CS499GUI\Debug\link.31388.read.1.tlog
C:\Users\Ryan\Documents\GitHub\mudflake\CS499GUI\CS499GUI\Debug\link.31388.write.1.tlog
C:\Users\Ryan\Documents\GitHub\mudflake\CS499GUI\CS499GUI\Debug\link.31388-cvtres.read.1.tlog
C:\Users\Ryan\Documents\GitHub\mudflake\CS499GUI\CS499GUI\Debug\link.31388-cvtres.write.1.tlog
C:\Users\Ryan\Documents\GitHub\mudflake\CS499GUI\CS499GUI\Debug\link.31392.read.1.tlog
C:\Users\Ryan\Documents\GitHub\mudflake\CS499GUI\CS499GUI\Debug\link.31392.write.1.tlog
C:\Users\Ryan\Documents\GitHub\mudflake\CS499GUI\CS499GUI\Debug\link.31392-cvtres.read.1.tlog
C:\Users\Ryan\Documents\GitHub\mudflake\CS499GUI\CS499GUI\Debug\link.31392-cvtres.write.1.tlog
C:\Users\Ryan\Documents\GitHub\mudflake\CS499GUI\CS499GUI\Debug\link.31544.read.1.tlog
C:\Users\Ryan\Documents\GitHub\mudflake\CS499GUI\CS499GUI\Debug\link.31544.write.1.tlog
C:\Users\Ryan\Documents\GitHub\mudflake\CS499GUI\CS499GUI\Debug\link.31544-cvtres.read.1.tlog
C:\Users\Ryan\Documents\GitHub\mudflake\CS499GUI\CS499GUI\Debug\link.31544-cvtres.write.1.tlog
C:\Users\Ryan\Documents\GitHub\mudflake\CS499GUI\CS499GUI\Debug\link.31548.read.1.tlog
C:\Users\Ryan\Documents\GitHub\mudflake\CS499GUI\CS499GUI\Debug\link.31548.write.1.tlog
C:\Users\Ryan\Documents\GitHub\mudflake\CS499GUI\CS499GUI\Debug\link.31548-cvtres.read.1.tlog
C:\Users\Ryan\Documents\GitHub\mudflake\CS499GUI\CS499GUI\Debug\link.31548-cvtres.write.1.tlog
C:\Users\Ryan\Documents\GitHub\mudflake\CS499GUI\CS499GUI\Debug\link.31648.read.1.tlog
C:\Users\Ryan\Documents\GitHub\mudflake\CS499GUI\CS499GUI\Debug\link.31648.write.1.tlog
C:\Users\Ryan\Documents\GitHub\mudflake\CS499GUI\CS499GUI\Debug\link.31648-cvtres.read.1.tlog
C:\Users\Ryan\Documents\GitHub\mudflake\CS499GUI\CS499GUI\Debug\link.31648-cvtres.write.1.tlog
C:\Users\Ryan\Documents\GitHub\mudflake\CS499GUI\CS499GUI\Debug\link.31668.read.1.tlog
C:\Users\Ryan\Documents\GitHub\mudflake\CS499GUI\CS499GUI\Debug\link.31668.write.1.tlog
C:\Users\Ryan\Documents\GitHub\mudflake\CS499GUI\CS499GUI\Debug\link.31668-cvtres.read.1.tlog
C:\Users\Ryan\Documents\GitHub\mudflake\CS499GUI\CS499GUI\Debug\link.31668-cvtres.write.1.tlog
C:\Users\Ryan\Documents\GitHub\mudflake\CS499GUI\CS499GUI\Debug\link.31684.read.1.tlog
C:\Users\Ryan\Documents\GitHub\mudflake\CS499GUI\CS499GUI\Debug\link.31684.write.1.tlog
C:\Users\Ryan\Documents\GitHub\mudflake\CS499GUI\CS499GUI\Debug\link.31684-cvtres.read.1.tlog
C:\Users\Ryan\Documents\GitHub\mudflake\CS499GUI\CS499GUI\Debug\link.31684-cvtres.write.1.tlog
C:\Users\Ryan\Documents\GitHub\mudflake\CS499GUI\CS499GUI\Debug\link.31712.read.1.tlog
C:\Users\Ryan\Documents\GitHub\mudflake\CS499GUI\CS499GUI\Debug\link.31712.write.1.tlog
C:\Users\Ryan\Documents\GitHub\mudflake\CS499GUI\CS499GUI\Debug\link.31712-cvtres.read.1.tlog
C:\Users\Ryan\Documents\GitHub\mudflake\CS499GUI\CS499GUI\Debug\link.31712-cvtres.write.1.tlog
C:\Users\Ryan\Documents\GitHub\mudflake\CS499GUI\CS499GUI\Debug\link.31720.read.1.tlog
C:\Users\Ryan\Documents\GitHub\mudflake\CS499GUI\CS499GUI\Debug\link.31720.write.1.tlog
C:\Users\Ryan\Documents\GitHub\mudflake\CS499GUI\CS499GUI\Debug\link.31720-cvtres.read.1.tlog
C:\Users\Ryan\Documents\GitHub\mudflake\CS499GUI\CS499GUI\Debug\link.31720-cvtres.write.1.tlog
C:\Users\Ryan\Documents\GitHub\mudflake\CS499GUI\CS499GUI\Debug\link.31780.read.1.tlog
C:\Users\Ryan\Documents\GitHub\mudflake\CS499GUI\CS499GUI\Debug\link.31780.write.1.tlog
C:\Users\Ryan\Documents\GitHub\mudflake\CS499GUI\CS499GUI\Debug\link.31780-cvtres.read.1.tlog
C:\Users\Ryan\Documents\GitHub\mudflake\CS499GUI\CS499GUI\Debug\link.31780-cvtres.write.1.tlog
C:\Users\Ryan\Documents\GitHub\mudflake\CS499GUI\CS499GUI\Debug\link.31988.read.1.tlog
C:\Users\Ryan\Documents\GitHub\mudflake\CS499GUI\CS499GUI\Debug\link.31988.write.1.tlog
C:\Users\Ryan\Documents\GitHub\mudflake\CS499GUI\CS499GUI\Debug\link.31988-cvtres.read.1.tlog
C:\Users\Ryan\Documents\GitHub\mudflake\CS499GUI\CS499GUI\Debug\link.31988-cvtres.write.1.tlog
C:\Users\Ryan\Documents\GitHub\mudflake\CS499GUI\CS499GUI\Debug\link.32380.read.1.tlog
C:\Users\Ryan\Documents\GitHub\mudflake\CS499GUI\CS499GUI\Debug\link.32380.write.1.tlog
C:\Users\Ryan\Documents\GitHub\mudflake\CS499GUI\CS499GUI\Debug\link.32380-cvtres.read.1.tlog
C:\Users\Ryan\Documents\GitHub\mudflake\CS499GUI\CS499GUI\Debug\link.32380-cvtres.write.1.tlog
C:\Users\Ryan\Documents\GitHub\mudflake\CS499GUI\CS499GUI\Debug\link.32680.read.1.tlog
C:\Users\Ryan\Documents\GitHub\mudflake\CS499GUI\CS499GUI\Debug\link.32680.write.1.tlog
C:\Users\Ryan\Documents\GitHub\mudflake\CS499GUI\CS499GUI\Debug\link.32680-cvtres.read.1.tlog
C:\Users\Ryan\Documents\GitHub\mudflake\CS499GUI\CS499GUI\Debug\link.32680-cvtres.write.1.tlog
C:\Users\Ryan\Documents\GitHub\mudflake\CS499GUI\CS499GUI\Debug\link.32736.read.1.tlog
C:\Users\Ryan\Documents\GitHub\mudflake\CS499GUI\CS499GUI\Debug\link.32736.write.1.tlog
C:\Users\Ryan\Documents\GitHub\mudflake\CS499GUI\CS499GUI\Debug\link.32736-cvtres.read.1.tlog
C:\Users\Ryan\Documents\GitHub\mudflake\CS499GUI\CS499GUI\Debug\link.32736-cvtres.write.1.tlog
C:\Users\Ryan\Documents\GitHub\mudflake\CS499GUI\CS499GUI\Debug\link.command.1.tlog
C:\Users\Ryan\Documents\GitHub\mudflake\CS499GUI\CS499GUI\Debug\link.read.1.tlog
C:\Users\Ryan\Documents\GitHub\mudflake\CS499GUI\CS499GUI\Debug\link.write.1.tlog
C:\USERS\RYAN\DOCUMENTS\GITHUB\MUDFLAKE\CS499GUI\CS499GUI\DEBUG\LOADPARSE.OBJ
C:\Users\Ryan\Documents\GitHub\mudflake\CS499GUI\CS499GUI\Debug\metagen.read.1.tlog
C:\Users\Ryan\Documents\GitHub\mudflake\CS499GUI\CS499GUI\Debug\metagen.write.1.tlog
C:\Users\Ryan\Documents\GitHub\mudflake\CS499GUI\CS499GUI\Debug\mt.command.1.tlog
C:\Users\Ryan\Documents\GitHub\mudflake\CS499GUI\CS499GUI\Debug\mt.read.1.tlog
C:\Users\Ryan\Documents\GitHub\mudflake\CS499GUI\CS499GUI\Debug\mt.write.1.tlog
C:\USERS\RYAN\DOCUMENTS\GITHUB\MUDFLAKE\CS499GUI\CS499GUI\DEBUG\OUTPUTFILE.OBJ
C:\Users\Ryan\Documents\GitHub\mudflake\CS499GUI\CS499GUI\Debug\rc.command.1.tlog
C:\Users\Ryan\Documents\GitHub\mudflake\CS499GUI\CS499GUI\Debug\rc.read.1.tlog
C:\Users\Ryan\Documents\GitHub\mudflake\CS499GUI\CS499GUI\Debug\rc.write.1.tlog
C:\Users\Ryan\Documents\GitHub\mudflake\CS499GUI\CS499GUI\Debug\RSAENH.DLL.bi
C:\USERS\RYAN\DOCUMENTS\GITHUB\MUDFLAKE\CS499GUI\CS499GUI\DEBUG\SCHEDULE.OBJ
C:\USERS\RYAN\DOCUMENTS\GITHUB\MUDFLAKE\CS499GUI\CS499GUI\DEBUG\STDAFX.OBJ
C:\Users\Ryan\Documents\GitHub\mudflake\CS499GUI\CS499GUI\Debug\TZRES.DLL.bi
C:\USERS\RYAN\DOCUMENTS\GITHUB\MUDFLAKE\CS499GUI\CS499GUI\DEBUG\VC100.PDB
C:\USERS\RYAN\DOCUMENTS\GITHUB\MUDFLAKE\CS499GUI\CS499GUI\STDAFX.PCH
C:\USERS\RYAN\DOCUMENTS\GITHUB\MUDFLAKE\CS499GUI\DEBUG\CS499GUI.EXE
C:\USERS\RYAN\DOCUMENTS\GITHUB\MUDFLAKE\CS499GUI\DEBUG\CS499GUI.ILK
C:\USERS\RYAN\DOCUMENTS\GITHUB\MUDFLAKE\CS499GUI\DEBUG\CS499GUI.PDB
